Sat Feb 26 14:54:05 PST 2022
rudder_angle_degrees: 123.0
abs_sail_angle_degrees: 456.0
abs_jib_angle_degrees: 789.0
---
Sat Feb 26 14:54:12 PST 2022
rudder_angle_degrees: 123.0
abs_sail_angle_degrees: 456.0
abs_jib_angle_degrees: 789.0
---
Sat Feb 26 14:54:19 PST 2022
rudder_angle_degrees: 123.0
abs_sail_angle_degrees: 456.0
abs_jib_angle_degrees: 789.0
---
Sat Feb 26 14:54:26 PST 2022
rudder_angle_degrees: 123.0
abs_sail_angle_degrees: 456.0
abs_jib_angle_degrees: 789.0
---
Sat Feb 26 14:54:32 PST 2022
rudder_angle_degrees: 123.0
abs_sail_angle_degrees: 456.0
abs_jib_angle_degrees: 789.0
---
Sat Feb 26 14:54:39 PST 2022
rudder_angle_degrees: 123.0
abs_sail_angle_degrees: 456.0
abs_jib_angle_degrees: 789.0
---
Sat Feb 26 14:54:46 PST 2022
rudder_angle_degrees: 123.0
abs_sail_angle_degrees: 456.0
abs_jib_angle_degrees: 789.0
---
Sat Feb 26 14:54:53 PST 2022
rudder_angle_degrees: 123.0
abs_sail_angle_degrees: 456.0
abs_jib_angle_degrees: 789.0
---
Sat Feb 26 14:55:00 PST 2022
rudder_angle_degrees: 123.0
abs_sail_angle_degrees: 456.0
abs_jib_angle_degrees: 789.0
---
Sat Feb 26 14:55:07 PST 2022
rudder_angle_degrees: 123.0
abs_sail_angle_degrees: 456.0
abs_jib_angle_degrees: 789.0
---
Sat Feb 26 14:55:14 PST 2022
rudder_angle_degrees: 123.0
abs_sail_angle_degrees: 456.0
abs_jib_angle_degrees: 789.0
---
Sat Feb 26 14:55:21 PST 2022
rudder_angle_degrees: 123.0
abs_sail_angle_degrees: 456.0
abs_jib_angle_degrees: 789.0
---
Sat Feb 26 14:55:28 PST 2022
rudder_angle_degrees: 123.0
abs_sail_angle_degrees: 456.0
abs_jib_angle_degrees: 789.0
---
Sat Feb 26 14:55:35 PST 2022
rudder_angle_degrees: 123.0
abs_sail_angle_degrees: 456.0
abs_jib_angle_degrees: 789.0
---
Sat Feb 26 14:55:42 PST 2022
rudder_angle_degrees: 123.0
abs_sail_angle_degrees: 456.0
abs_jib_angle_degrees: 789.0
---
Sat Feb 26 14:55:49 PST 2022
rudder_angle_degrees: 123.0
abs_sail_angle_degrees: 456.0
abs_jib_angle_degrees: 789.0
---
Sat Feb 26 14:55:55 PST 2022
rudder_angle_degrees: 123.0
abs_sail_angle_degrees: 456.0
abs_jib_angle_degrees: 789.0
---
Sat Feb 26 14:56:02 PST 2022
rudder_angle_degrees: 123.0
abs_sail_angle_degrees: 456.0
abs_jib_angle_degrees: 789.0
---
Sat Feb 26 14:56:09 PST 2022
rudder_angle_degrees: 123.0
abs_sail_angle_degrees: 456.0
abs_jib_angle_degrees: 789.0
---
Sat Feb 26 14:56:16 PST 2022
