Sat Feb 26 14:54:05 PST 2022
sailencoder_degrees: 0
wind_sensor_1_speed_knots: 0.0
wind_sensor_1_angle_degrees: 0
wind_sensor_2_speed_knots: 0.0
wind_sensor_2_angle_degrees: 0
wind_sensor_3_speed_knots: 0.0
wind_sensor_3_angle_degrees: 0
gps_can_timestamp_utc: ''
gps_can_latitude_degrees: 0.0
gps_can_longitude_degrees: 0.0
gps_can_groundspeed_knots: 0.0
gps_can_track_made_good_degrees: 0.0
gps_can_true_heading_degrees: 0.0
gps_can_magnetic_variation_degrees: 0.0
gps_can_state: False
gps_ais_timestamp_utc: ''
gps_ais_latitude_degrees: 0.0
gps_ais_longitude_degrees: 0.0
gps_ais_groundspeed_knots: 0.0
gps_ais_track_made_good_degrees: 0.0
gps_ais_true_heading_degrees: 0.0
gps_ais_magnetic_variation_degrees: 0.0
gps_ais_state: False
winch_main_angle_degrees: 0
winch_jib_angle_degrees: 0
rudder_port_angle_degrees: 0.0
rudder_stbd_angle_degrees: 0.0
accelerometer_x_force_millig: 0.0
accelerometer_y_force_millig: 0.0
accelerometer_z_force_millig: 0.0
gyroscope_x_velocity_millidegreesps: 0.0
gyroscope_y_velocity_millidegreesps: 0.0
gyroscope_z_velocity_millidegreesps: 0.0
---
Sat Feb 26 14:54:12 PST 2022
sailencoder_degrees: 0
wind_sensor_1_speed_knots: 0.0
wind_sensor_1_angle_degrees: 0
wind_sensor_2_speed_knots: 0.0
wind_sensor_2_angle_degrees: 0
wind_sensor_3_speed_knots: 0.0
wind_sensor_3_angle_degrees: 0
gps_can_timestamp_utc: ''
gps_can_latitude_degrees: 0.0
gps_can_longitude_degrees: 0.0
gps_can_groundspeed_knots: 0.0
gps_can_track_made_good_degrees: 0.0
gps_can_true_heading_degrees: 0.0
gps_can_magnetic_variation_degrees: 0.0
gps_can_state: False
gps_ais_timestamp_utc: ''
gps_ais_latitude_degrees: 0.0
gps_ais_longitude_degrees: 0.0
gps_ais_groundspeed_knots: 0.0
gps_ais_track_made_good_degrees: 0.0
gps_ais_true_heading_degrees: 0.0
gps_ais_magnetic_variation_degrees: 0.0
gps_ais_state: False
winch_main_angle_degrees: 0
winch_jib_angle_degrees: 0
rudder_port_angle_degrees: 0.0
rudder_stbd_angle_degrees: 0.0
accelerometer_x_force_millig: 0.0
accelerometer_y_force_millig: 0.0
accelerometer_z_force_millig: 0.0
gyroscope_x_velocity_millidegreesps: 0.0
gyroscope_y_velocity_millidegreesps: 0.0
gyroscope_z_velocity_millidegreesps: 0.0
---
Sat Feb 26 14:54:19 PST 2022
sailencoder_degrees: 0
wind_sensor_1_speed_knots: 0.0
wind_sensor_1_angle_degrees: 0
wind_sensor_2_speed_knots: 0.0
wind_sensor_2_angle_degrees: 0
wind_sensor_3_speed_knots: 0.0
wind_sensor_3_angle_degrees: 0
gps_can_timestamp_utc: ''
gps_can_latitude_degrees: 0.0
gps_can_longitude_degrees: 0.0
gps_can_groundspeed_knots: 0.0
gps_can_track_made_good_degrees: 0.0
gps_can_true_heading_degrees: 0.0
gps_can_magnetic_variation_degrees: 0.0
gps_can_state: False
gps_ais_timestamp_utc: ''
gps_ais_latitude_degrees: 0.0
gps_ais_longitude_degrees: 0.0
gps_ais_groundspeed_knots: 0.0
gps_ais_track_made_good_degrees: 0.0
gps_ais_true_heading_degrees: 0.0
gps_ais_magnetic_variation_degrees: 0.0
gps_ais_state: False
winch_main_angle_degrees: 0
winch_jib_angle_degrees: 0
rudder_port_angle_degrees: 0.0
rudder_stbd_angle_degrees: 0.0
accelerometer_x_force_millig: 0.0
accelerometer_y_force_millig: 0.0
accelerometer_z_force_millig: 0.0
gyroscope_x_velocity_millidegreesps: 0.0
gyroscope_y_velocity_millidegreesps: 0.0
gyroscope_z_velocity_millidegreesps: 0.0
---
Sat Feb 26 14:54:26 PST 2022
sailencoder_degrees: 0
wind_sensor_1_speed_knots: 0.0
wind_sensor_1_angle_degrees: 0
wind_sensor_2_speed_knots: 0.0
wind_sensor_2_angle_degrees: 0
wind_sensor_3_speed_knots: 0.0
wind_sensor_3_angle_degrees: 0
gps_can_timestamp_utc: ''
gps_can_latitude_degrees: 0.0
gps_can_longitude_degrees: 0.0
gps_can_groundspeed_knots: 0.0
gps_can_track_made_good_degrees: 0.0
gps_can_true_heading_degrees: 0.0
gps_can_magnetic_variation_degrees: 0.0
gps_can_state: False
gps_ais_timestamp_utc: ''
gps_ais_latitude_degrees: 0.0
gps_ais_longitude_degrees: 0.0
gps_ais_groundspeed_knots: 0.0
gps_ais_track_made_good_degrees: 0.0
gps_ais_true_heading_degrees: 0.0
gps_ais_magnetic_variation_degrees: 0.0
gps_ais_state: False
winch_main_angle_degrees: 0
winch_jib_angle_degrees: 0
rudder_port_angle_degrees: 0.0
rudder_stbd_angle_degrees: 0.0
accelerometer_x_force_millig: 0.0
accelerometer_y_force_millig: 0.0
accelerometer_z_force_millig: 0.0
gyroscope_x_velocity_millidegreesps: 0.0
gyroscope_y_velocity_millidegreesps: 0.0
gyroscope_z_velocity_millidegreesps: 0.0
---
Sat Feb 26 14:54:32 PST 2022
sailencoder_degrees: 0
wind_sensor_1_speed_knots: 0.0
wind_sensor_1_angle_degrees: 0
wind_sensor_2_speed_knots: 0.0
wind_sensor_2_angle_degrees: 0
wind_sensor_3_speed_knots: 0.0
wind_sensor_3_angle_degrees: 0
gps_can_timestamp_utc: ''
gps_can_latitude_degrees: 0.0
gps_can_longitude_degrees: 0.0
gps_can_groundspeed_knots: 0.0
gps_can_track_made_good_degrees: 0.0
gps_can_true_heading_degrees: 0.0
gps_can_magnetic_variation_degrees: 0.0
gps_can_state: False
gps_ais_timestamp_utc: ''
gps_ais_latitude_degrees: 0.0
gps_ais_longitude_degrees: 0.0
gps_ais_groundspeed_knots: 0.0
gps_ais_track_made_good_degrees: 0.0
gps_ais_true_heading_degrees: 0.0
gps_ais_magnetic_variation_degrees: 0.0
gps_ais_state: False
winch_main_angle_degrees: 0
winch_jib_angle_degrees: 0
rudder_port_angle_degrees: 0.0
rudder_stbd_angle_degrees: 0.0
accelerometer_x_force_millig: 0.0
accelerometer_y_force_millig: 0.0
accelerometer_z_force_millig: 0.0
gyroscope_x_velocity_millidegreesps: 0.0
gyroscope_y_velocity_millidegreesps: 0.0
gyroscope_z_velocity_millidegreesps: 0.0
---
Sat Feb 26 14:54:39 PST 2022
sailencoder_degrees: 0
wind_sensor_1_speed_knots: 0.0
wind_sensor_1_angle_degrees: 0
wind_sensor_2_speed_knots: 0.0
wind_sensor_2_angle_degrees: 0
wind_sensor_3_speed_knots: 0.0
wind_sensor_3_angle_degrees: 0
gps_can_timestamp_utc: ''
gps_can_latitude_degrees: 0.0
gps_can_longitude_degrees: 0.0
gps_can_groundspeed_knots: 0.0
gps_can_track_made_good_degrees: 0.0
gps_can_true_heading_degrees: 0.0
gps_can_magnetic_variation_degrees: 0.0
gps_can_state: False
gps_ais_timestamp_utc: ''
gps_ais_latitude_degrees: 0.0
gps_ais_longitude_degrees: 0.0
gps_ais_groundspeed_knots: 0.0
gps_ais_track_made_good_degrees: 0.0
gps_ais_true_heading_degrees: 0.0
gps_ais_magnetic_variation_degrees: 0.0
gps_ais_state: False
winch_main_angle_degrees: 0
winch_jib_angle_degrees: 0
rudder_port_angle_degrees: 0.0
rudder_stbd_angle_degrees: 0.0
accelerometer_x_force_millig: 0.0
accelerometer_y_force_millig: 0.0
accelerometer_z_force_millig: 0.0
gyroscope_x_velocity_millidegreesps: 0.0
gyroscope_y_velocity_millidegreesps: 0.0
gyroscope_z_velocity_millidegreesps: 0.0
---
Sat Feb 26 14:54:46 PST 2022
sailencoder_degrees: 0
wind_sensor_1_speed_knots: 0.0
wind_sensor_1_angle_degrees: 0
wind_sensor_2_speed_knots: 0.0
wind_sensor_2_angle_degrees: 0
wind_sensor_3_speed_knots: 0.0
wind_sensor_3_angle_degrees: 0
gps_can_timestamp_utc: ''
gps_can_latitude_degrees: 0.0
gps_can_longitude_degrees: 0.0
gps_can_groundspeed_knots: 0.0
gps_can_track_made_good_degrees: 0.0
gps_can_true_heading_degrees: 0.0
gps_can_magnetic_variation_degrees: 0.0
gps_can_state: False
gps_ais_timestamp_utc: ''
gps_ais_latitude_degrees: 0.0
gps_ais_longitude_degrees: 0.0
gps_ais_groundspeed_knots: 0.0
gps_ais_track_made_good_degrees: 0.0
gps_ais_true_heading_degrees: 0.0
gps_ais_magnetic_variation_degrees: 0.0
gps_ais_state: False
winch_main_angle_degrees: 0
winch_jib_angle_degrees: 0
rudder_port_angle_degrees: 0.0
rudder_stbd_angle_degrees: 0.0
accelerometer_x_force_millig: 0.0
accelerometer_y_force_millig: 0.0
accelerometer_z_force_millig: 0.0
gyroscope_x_velocity_millidegreesps: 0.0
gyroscope_y_velocity_millidegreesps: 0.0
gyroscope_z_velocity_millidegreesps: 0.0
---
Sat Feb 26 14:54:53 PST 2022
sailencoder_degrees: 0
wind_sensor_1_speed_knots: 0.0
wind_sensor_1_angle_degrees: 0
wind_sensor_2_speed_knots: 0.0
wind_sensor_2_angle_degrees: 0
wind_sensor_3_speed_knots: 0.0
wind_sensor_3_angle_degrees: 0
gps_can_timestamp_utc: ''
gps_can_latitude_degrees: 0.0
gps_can_longitude_degrees: 0.0
gps_can_groundspeed_knots: 0.0
gps_can_track_made_good_degrees: 0.0
gps_can_true_heading_degrees: 0.0
gps_can_magnetic_variation_degrees: 0.0
gps_can_state: False
gps_ais_timestamp_utc: ''
gps_ais_latitude_degrees: 0.0
gps_ais_longitude_degrees: 0.0
gps_ais_groundspeed_knots: 0.0
gps_ais_track_made_good_degrees: 0.0
gps_ais_true_heading_degrees: 0.0
gps_ais_magnetic_variation_degrees: 0.0
gps_ais_state: False
winch_main_angle_degrees: 0
winch_jib_angle_degrees: 0
rudder_port_angle_degrees: 0.0
rudder_stbd_angle_degrees: 0.0
accelerometer_x_force_millig: 0.0
accelerometer_y_force_millig: 0.0
accelerometer_z_force_millig: 0.0
gyroscope_x_velocity_millidegreesps: 0.0
gyroscope_y_velocity_millidegreesps: 0.0
gyroscope_z_velocity_millidegreesps: 0.0
---
Sat Feb 26 14:55:00 PST 2022
sailencoder_degrees: 0
wind_sensor_1_speed_knots: 0.0
wind_sensor_1_angle_degrees: 0
wind_sensor_2_speed_knots: 0.0
wind_sensor_2_angle_degrees: 0
wind_sensor_3_speed_knots: 0.0
wind_sensor_3_angle_degrees: 0
gps_can_timestamp_utc: ''
gps_can_latitude_degrees: 0.0
gps_can_longitude_degrees: 0.0
gps_can_groundspeed_knots: 0.0
gps_can_track_made_good_degrees: 0.0
gps_can_true_heading_degrees: 0.0
gps_can_magnetic_variation_degrees: 0.0
gps_can_state: False
gps_ais_timestamp_utc: ''
gps_ais_latitude_degrees: 0.0
gps_ais_longitude_degrees: 0.0
gps_ais_groundspeed_knots: 0.0
gps_ais_track_made_good_degrees: 0.0
gps_ais_true_heading_degrees: 0.0
gps_ais_magnetic_variation_degrees: 0.0
gps_ais_state: False
winch_main_angle_degrees: 0
winch_jib_angle_degrees: 0
rudder_port_angle_degrees: 0.0
rudder_stbd_angle_degrees: 0.0
accelerometer_x_force_millig: 0.0
accelerometer_y_force_millig: 0.0
accelerometer_z_force_millig: 0.0
gyroscope_x_velocity_millidegreesps: 0.0
gyroscope_y_velocity_millidegreesps: 0.0
gyroscope_z_velocity_millidegreesps: 0.0
---
Sat Feb 26 14:55:07 PST 2022
sailencoder_degrees: 0
wind_sensor_1_speed_knots: 0.0
wind_sensor_1_angle_degrees: 0
wind_sensor_2_speed_knots: 0.0
wind_sensor_2_angle_degrees: 0
wind_sensor_3_speed_knots: 0.0
wind_sensor_3_angle_degrees: 0
gps_can_timestamp_utc: ''
gps_can_latitude_degrees: 0.0
gps_can_longitude_degrees: 0.0
gps_can_groundspeed_knots: 0.0
gps_can_track_made_good_degrees: 0.0
gps_can_true_heading_degrees: 0.0
gps_can_magnetic_variation_degrees: 0.0
gps_can_state: False
gps_ais_timestamp_utc: ''
gps_ais_latitude_degrees: 0.0
gps_ais_longitude_degrees: 0.0
gps_ais_groundspeed_knots: 0.0
gps_ais_track_made_good_degrees: 0.0
gps_ais_true_heading_degrees: 0.0
gps_ais_magnetic_variation_degrees: 0.0
gps_ais_state: False
winch_main_angle_degrees: 0
winch_jib_angle_degrees: 0
rudder_port_angle_degrees: 0.0
rudder_stbd_angle_degrees: 0.0
accelerometer_x_force_millig: 0.0
accelerometer_y_force_millig: 0.0
accelerometer_z_force_millig: 0.0
gyroscope_x_velocity_millidegreesps: 0.0
gyroscope_y_velocity_millidegreesps: 0.0
gyroscope_z_velocity_millidegreesps: 0.0
---
Sat Feb 26 14:55:14 PST 2022
sailencoder_degrees: 0
wind_sensor_1_speed_knots: 0.0
wind_sensor_1_angle_degrees: 0
wind_sensor_2_speed_knots: 0.0
wind_sensor_2_angle_degrees: 0
wind_sensor_3_speed_knots: 0.0
wind_sensor_3_angle_degrees: 0
gps_can_timestamp_utc: ''
gps_can_latitude_degrees: 0.0
gps_can_longitude_degrees: 0.0
gps_can_groundspeed_knots: 0.0
gps_can_track_made_good_degrees: 0.0
gps_can_true_heading_degrees: 0.0
gps_can_magnetic_variation_degrees: 0.0
gps_can_state: False
gps_ais_timestamp_utc: ''
gps_ais_latitude_degrees: 0.0
gps_ais_longitude_degrees: 0.0
gps_ais_groundspeed_knots: 0.0
gps_ais_track_made_good_degrees: 0.0
gps_ais_true_heading_degrees: 0.0
gps_ais_magnetic_variation_degrees: 0.0
gps_ais_state: False
winch_main_angle_degrees: 0
winch_jib_angle_degrees: 0
rudder_port_angle_degrees: 0.0
rudder_stbd_angle_degrees: 0.0
accelerometer_x_force_millig: 0.0
accelerometer_y_force_millig: 0.0
accelerometer_z_force_millig: 0.0
gyroscope_x_velocity_millidegreesps: 0.0
gyroscope_y_velocity_millidegreesps: 0.0
gyroscope_z_velocity_millidegreesps: 0.0
---
Sat Feb 26 14:55:21 PST 2022
sailencoder_degrees: 0
wind_sensor_1_speed_knots: 0.0
wind_sensor_1_angle_degrees: 0
wind_sensor_2_speed_knots: 0.0
wind_sensor_2_angle_degrees: 0
wind_sensor_3_speed_knots: 0.0
wind_sensor_3_angle_degrees: 0
gps_can_timestamp_utc: ''
gps_can_latitude_degrees: 0.0
gps_can_longitude_degrees: 0.0
gps_can_groundspeed_knots: 0.0
gps_can_track_made_good_degrees: 0.0
gps_can_true_heading_degrees: 0.0
gps_can_magnetic_variation_degrees: 0.0
gps_can_state: False
gps_ais_timestamp_utc: ''
gps_ais_latitude_degrees: 0.0
gps_ais_longitude_degrees: 0.0
gps_ais_groundspeed_knots: 0.0
gps_ais_track_made_good_degrees: 0.0
gps_ais_true_heading_degrees: 0.0
gps_ais_magnetic_variation_degrees: 0.0
gps_ais_state: False
winch_main_angle_degrees: 0
winch_jib_angle_degrees: 0
rudder_port_angle_degrees: 0.0
rudder_stbd_angle_degrees: 0.0
accelerometer_x_force_millig: 0.0
accelerometer_y_force_millig: 0.0
accelerometer_z_force_millig: 0.0
gyroscope_x_velocity_millidegreesps: 0.0
gyroscope_y_velocity_millidegreesps: 0.0
gyroscope_z_velocity_millidegreesps: 0.0
---
Sat Feb 26 14:55:28 PST 2022
sailencoder_degrees: 0
wind_sensor_1_speed_knots: 0.0
wind_sensor_1_angle_degrees: 0
wind_sensor_2_speed_knots: 0.0
wind_sensor_2_angle_degrees: 0
wind_sensor_3_speed_knots: 0.0
wind_sensor_3_angle_degrees: 0
gps_can_timestamp_utc: ''
gps_can_latitude_degrees: 0.0
gps_can_longitude_degrees: 0.0
gps_can_groundspeed_knots: 0.0
gps_can_track_made_good_degrees: 0.0
gps_can_true_heading_degrees: 0.0
gps_can_magnetic_variation_degrees: 0.0
gps_can_state: False
gps_ais_timestamp_utc: ''
gps_ais_latitude_degrees: 0.0
gps_ais_longitude_degrees: 0.0
gps_ais_groundspeed_knots: 0.0
gps_ais_track_made_good_degrees: 0.0
gps_ais_true_heading_degrees: 0.0
gps_ais_magnetic_variation_degrees: 0.0
gps_ais_state: False
winch_main_angle_degrees: 0
winch_jib_angle_degrees: 0
rudder_port_angle_degrees: 0.0
rudder_stbd_angle_degrees: 0.0
accelerometer_x_force_millig: 0.0
accelerometer_y_force_millig: 0.0
accelerometer_z_force_millig: 0.0
gyroscope_x_velocity_millidegreesps: 0.0
gyroscope_y_velocity_millidegreesps: 0.0
gyroscope_z_velocity_millidegreesps: 0.0
---
Sat Feb 26 14:55:35 PST 2022
sailencoder_degrees: 0
wind_sensor_1_speed_knots: 0.0
wind_sensor_1_angle_degrees: 0
wind_sensor_2_speed_knots: 0.0
wind_sensor_2_angle_degrees: 0
wind_sensor_3_speed_knots: 0.0
wind_sensor_3_angle_degrees: 0
gps_can_timestamp_utc: ''
gps_can_latitude_degrees: 0.0
gps_can_longitude_degrees: 0.0
gps_can_groundspeed_knots: 0.0
gps_can_track_made_good_degrees: 0.0
gps_can_true_heading_degrees: 0.0
gps_can_magnetic_variation_degrees: 0.0
gps_can_state: False
gps_ais_timestamp_utc: ''
gps_ais_latitude_degrees: 0.0
gps_ais_longitude_degrees: 0.0
gps_ais_groundspeed_knots: 0.0
gps_ais_track_made_good_degrees: 0.0
gps_ais_true_heading_degrees: 0.0
gps_ais_magnetic_variation_degrees: 0.0
gps_ais_state: False
winch_main_angle_degrees: 0
winch_jib_angle_degrees: 0
rudder_port_angle_degrees: 0.0
rudder_stbd_angle_degrees: 0.0
accelerometer_x_force_millig: 0.0
accelerometer_y_force_millig: 0.0
accelerometer_z_force_millig: 0.0
gyroscope_x_velocity_millidegreesps: 0.0
gyroscope_y_velocity_millidegreesps: 0.0
gyroscope_z_velocity_millidegreesps: 0.0
---
Sat Feb 26 14:55:42 PST 2022
sailencoder_degrees: 0
wind_sensor_1_speed_knots: 0.0
wind_sensor_1_angle_degrees: 0
wind_sensor_2_speed_knots: 0.0
wind_sensor_2_angle_degrees: 0
wind_sensor_3_speed_knots: 0.0
wind_sensor_3_angle_degrees: 0
gps_can_timestamp_utc: ''
gps_can_latitude_degrees: 0.0
gps_can_longitude_degrees: 0.0
gps_can_groundspeed_knots: 0.0
gps_can_track_made_good_degrees: 0.0
gps_can_true_heading_degrees: 0.0
gps_can_magnetic_variation_degrees: 0.0
gps_can_state: False
gps_ais_timestamp_utc: ''
gps_ais_latitude_degrees: 0.0
gps_ais_longitude_degrees: 0.0
gps_ais_groundspeed_knots: 0.0
gps_ais_track_made_good_degrees: 0.0
gps_ais_true_heading_degrees: 0.0
gps_ais_magnetic_variation_degrees: 0.0
gps_ais_state: False
winch_main_angle_degrees: 0
winch_jib_angle_degrees: 0
rudder_port_angle_degrees: 0.0
rudder_stbd_angle_degrees: 0.0
accelerometer_x_force_millig: 0.0
accelerometer_y_force_millig: 0.0
accelerometer_z_force_millig: 0.0
gyroscope_x_velocity_millidegreesps: 0.0
gyroscope_y_velocity_millidegreesps: 0.0
gyroscope_z_velocity_millidegreesps: 0.0
---
Sat Feb 26 14:55:49 PST 2022
sailencoder_degrees: 0
wind_sensor_1_speed_knots: 0.0
wind_sensor_1_angle_degrees: 0
wind_sensor_2_speed_knots: 0.0
wind_sensor_2_angle_degrees: 0
wind_sensor_3_speed_knots: 0.0
wind_sensor_3_angle_degrees: 0
gps_can_timestamp_utc: ''
gps_can_latitude_degrees: 0.0
gps_can_longitude_degrees: 0.0
gps_can_groundspeed_knots: 0.0
gps_can_track_made_good_degrees: 0.0
gps_can_true_heading_degrees: 0.0
gps_can_magnetic_variation_degrees: 0.0
gps_can_state: False
gps_ais_timestamp_utc: ''
gps_ais_latitude_degrees: 0.0
gps_ais_longitude_degrees: 0.0
gps_ais_groundspeed_knots: 0.0
gps_ais_track_made_good_degrees: 0.0
gps_ais_true_heading_degrees: 0.0
gps_ais_magnetic_variation_degrees: 0.0
gps_ais_state: False
winch_main_angle_degrees: 0
winch_jib_angle_degrees: 0
rudder_port_angle_degrees: 0.0
rudder_stbd_angle_degrees: 0.0
accelerometer_x_force_millig: 0.0
accelerometer_y_force_millig: 0.0
accelerometer_z_force_millig: 0.0
gyroscope_x_velocity_millidegreesps: 0.0
gyroscope_y_velocity_millidegreesps: 0.0
gyroscope_z_velocity_millidegreesps: 0.0
---
Sat Feb 26 14:55:55 PST 2022
sailencoder_degrees: 0
wind_sensor_1_speed_knots: 0.0
wind_sensor_1_angle_degrees: 0
wind_sensor_2_speed_knots: 0.0
wind_sensor_2_angle_degrees: 0
wind_sensor_3_speed_knots: 0.0
wind_sensor_3_angle_degrees: 0
gps_can_timestamp_utc: ''
gps_can_latitude_degrees: 0.0
gps_can_longitude_degrees: 0.0
gps_can_groundspeed_knots: 0.0
gps_can_track_made_good_degrees: 0.0
gps_can_true_heading_degrees: 0.0
gps_can_magnetic_variation_degrees: 0.0
gps_can_state: False
gps_ais_timestamp_utc: ''
gps_ais_latitude_degrees: 0.0
gps_ais_longitude_degrees: 0.0
gps_ais_groundspeed_knots: 0.0
gps_ais_track_made_good_degrees: 0.0
gps_ais_true_heading_degrees: 0.0
gps_ais_magnetic_variation_degrees: 0.0
gps_ais_state: False
winch_main_angle_degrees: 0
winch_jib_angle_degrees: 0
rudder_port_angle_degrees: 0.0
rudder_stbd_angle_degrees: 0.0
accelerometer_x_force_millig: 0.0
accelerometer_y_force_millig: 0.0
accelerometer_z_force_millig: 0.0
gyroscope_x_velocity_millidegreesps: 0.0
gyroscope_y_velocity_millidegreesps: 0.0
gyroscope_z_velocity_millidegreesps: 0.0
---
Sat Feb 26 14:56:02 PST 2022
sailencoder_degrees: 0
wind_sensor_1_speed_knots: 0.0
wind_sensor_1_angle_degrees: 0
wind_sensor_2_speed_knots: 0.0
wind_sensor_2_angle_degrees: 0
wind_sensor_3_speed_knots: 0.0
wind_sensor_3_angle_degrees: 0
gps_can_timestamp_utc: ''
gps_can_latitude_degrees: 0.0
gps_can_longitude_degrees: 0.0
gps_can_groundspeed_knots: 0.0
gps_can_track_made_good_degrees: 0.0
gps_can_true_heading_degrees: 0.0
gps_can_magnetic_variation_degrees: 0.0
gps_can_state: False
gps_ais_timestamp_utc: ''
gps_ais_latitude_degrees: 0.0
gps_ais_longitude_degrees: 0.0
gps_ais_groundspeed_knots: 0.0
gps_ais_track_made_good_degrees: 0.0
gps_ais_true_heading_degrees: 0.0
gps_ais_magnetic_variation_degrees: 0.0
gps_ais_state: False
winch_main_angle_degrees: 0
winch_jib_angle_degrees: 0
rudder_port_angle_degrees: 0.0
rudder_stbd_angle_degrees: 0.0
accelerometer_x_force_millig: 0.0
accelerometer_y_force_millig: 0.0
accelerometer_z_force_millig: 0.0
gyroscope_x_velocity_millidegreesps: 0.0
gyroscope_y_velocity_millidegreesps: 0.0
gyroscope_z_velocity_millidegreesps: 0.0
---
Sat Feb 26 14:56:09 PST 2022
sailencoder_degrees: 0
wind_sensor_1_speed_knots: 0.0
wind_sensor_1_angle_degrees: 0
wind_sensor_2_speed_knots: 0.0
wind_sensor_2_angle_degrees: 0
wind_sensor_3_speed_knots: 0.0
wind_sensor_3_angle_degrees: 0
gps_can_timestamp_utc: ''
gps_can_latitude_degrees: 0.0
gps_can_longitude_degrees: 0.0
gps_can_groundspeed_knots: 0.0
gps_can_track_made_good_degrees: 0.0
gps_can_true_heading_degrees: 0.0
gps_can_magnetic_variation_degrees: 0.0
gps_can_state: False
gps_ais_timestamp_utc: ''
gps_ais_latitude_degrees: 0.0
gps_ais_longitude_degrees: 0.0
gps_ais_groundspeed_knots: 0.0
gps_ais_track_made_good_degrees: 0.0
gps_ais_true_heading_degrees: 0.0
gps_ais_magnetic_variation_degrees: 0.0
gps_ais_state: False
winch_main_angle_degrees: 0
winch_jib_angle_degrees: 0
rudder_port_angle_degrees: 0.0
rudder_stbd_angle_degrees: 0.0
accelerometer_x_force_millig: 0.0
accelerometer_y_force_millig: 0.0
accelerometer_z_force_millig: 0.0
gyroscope_x_velocity_millidegreesps: 0.0
gyroscope_y_velocity_millidegreesps: 0.0
gyroscope_z_velocity_millidegreesps: 0.0
---
Sat Feb 26 14:56:16 PST 2022
sailencoder_degrees: 0
wind_sensor_1_speed_knots: 0.0
wind_sensor_1_angle_degrees: 0
wind_sensor_2_speed_knots: 0.0
wind_sensor_2_angle_degrees: 0
wind_sensor_3_speed_knots: 0.0
wind_sensor_3_angle_degrees: 0
gps_can_timestamp_utc: ''
gps_can_latitude_degrees: 0.0
gps_can_longitude_degrees: 0.0
gps_can_groundspeed_knots: 0.0
gps_can_track_made_good_degrees: 0.0
gps_can_true_heading_degrees: 0.0
gps_can_magnetic_variation_degrees: 0.0
gps_can_state: False
gps_ais_timestamp_utc: ''
gps_ais_latitude_degrees: 0.0
gps_ais_longitude_degrees: 0.0
gps_ais_groundspeed_knots: 0.0
gps_ais_track_made_good_degrees: 0.0
gps_ais_true_heading_degrees: 0.0
gps_ais_magnetic_variation_degrees: 0.0
gps_ais_state: False
winch_main_angle_degrees: 0
winch_jib_angle_degrees: 0
rudder_port_angle_degrees: 0.0
rudder_stbd_angle_degrees: 0.0
accelerometer_x_force_millig: 0.0
accelerometer_y_force_millig: 0.0
accelerometer_z_force_millig: 0.0
gyroscope_x_velocity_millidegreesps: 0.0
gyroscope_y_velocity_millidegreesps: 0.0
gyroscope_z_velocity_millidegreesps: 0.0
---
